<?xml version="1.0" encoding="UTF-8"?>
<!-- Generated by org.testng.reporters.JUnitReportReporter -->
<testsuite hostname="Mallis-Mac-mini.local" name="com.hotelTap.Utilities.SettingsPageTest" tests="2" failures="0" timestamp="31 Mar 2017 21:32:36 GMT" time="88.100" errors="0">
  <testcase name="verifySettings" time="0.001" classname="com.hotelTap.Utilities.SettingsPageTest"/>
  <testcase name="adminLoginVerifyWithBlankData" time="88.099" classname="com.hotelTap.Utilities.SettingsPageTest"/>
</testsuite> <!-- com.hotelTap.Utilities.SettingsPageTest -->
