<?xml version="1.0" encoding="UTF-8"?>
<!-- Generated by org.testng.reporters.JUnitReportReporter -->
<testsuite hostname="Mallis-Mac-mini.local" name="testclasses.IosAdminNewNotePageTest" tests="2" failures="0" timestamp="15 Jun 2017 22:23:41 GMT" time="561.526" errors="0">
  <testcase name="verifyNewNoteCreateWithBlankFields" time="79.712" classname="testclasses.IosAdminNewNotePageTest"/>
  <testcase name="verifyNewNoteCreate" time="481.814" classname="testclasses.IosAdminNewNotePageTest"/>
</testsuite> <!-- testclasses.IosAdminNewNotePageTest -->
