<?xml version="1.0" encoding="UTF-8"?>
<!-- Generated by org.testng.reporters.JUnitReportReporter -->
<testsuite hostname="Mallis-Mac-mini.local" name="testclasses.AdminAndroid" tests="1" failures="0" timestamp="29 May 2017 20:10:53 GMT" time="14.708" errors="0">
  <testcase name="test" time="14.708" classname="testclasses.AdminAndroid"/>
</testsuite> <!-- testclasses.AdminAndroid -->
