<?xml version="1.0" encoding="UTF-8"?>
<!-- Generated by org.testng.reporters.JUnitReportReporter -->
<testsuite hostname="Mallis-Mac-mini.local" name="testclasses.AdminSettingsPageTest" tests="4" failures="0" timestamp="23 May 2017 23:43:46 GMT" time="336.008" errors="0">
  <testcase name="adminSeetings_ProfileScreen" time="166.034" classname="testclasses.AdminSettingsPageTest"/>
  <testcase name="adminSeetings_ChangeHotelScreen" time="29.083" classname="testclasses.AdminSettingsPageTest"/>
  <testcase name="adminSeetings_NotificationsScreen" time="23.306" classname="testclasses.AdminSettingsPageTest"/>
  <testcase name="adminSeetings_AccountsScreen" time="117.585" classname="testclasses.AdminSettingsPageTest"/>
</testsuite> <!-- testclasses.AdminSettingsPageTest -->
