<?xml version="1.0" encoding="UTF-8"?>
<!-- Generated by org.testng.reporters.JUnitReportReporter -->
<testsuite hostname="Mallis-Mac-mini.local" name="testclasses.NewTaskPageTest" tests="1" failures="0" timestamp="4 Apr 2017 19:57:38 GMT" time="355.183" errors="0">
  <testcase name="newTaskCreate" time="355.183" classname="testclasses.NewTaskPageTest"/>
</testsuite> <!-- testclasses.NewTaskPageTest -->
