<?xml version="1.0" encoding="UTF-8"?>
<!-- Generated by org.testng.reporters.JUnitReportReporter -->
<testsuite hostname="Mallis-Mac-mini.local" name="testclasses.AdminDashBoardPageTest" tests="4" failures="0" timestamp="26 May 2017 19:30:26 GMT" time="33.260" errors="0">
  <testcase name="verifyAdminDashBoard_SettingsPage" time="5.731" classname="testclasses.AdminDashBoardPageTest"/>
  <testcase name="verifyAdminDashBoard_ADDPage" time="5.301" classname="testclasses.AdminDashBoardPageTest"/>
  <testcase name="verifyAdminDashBoard_ToDoPage" time="11.614" classname="testclasses.AdminDashBoardPageTest"/>
  <testcase name="verifyAdminDashBoard_BoardsPage" time="10.614" classname="testclasses.AdminDashBoardPageTest"/>
</testsuite> <!-- testclasses.AdminDashBoardPageTest -->
