<?xml version="1.0" encoding="UTF-8"?>
<!-- Generated by org.testng.reporters.JUnitReportReporter -->
<testsuite hostname="Mallis-Mac-mini.local" name="testclasses.EmpNewNotePageTest" tests="2" failures="0" timestamp="24 May 2017 00:00:25 GMT" time="511.251" errors="0">
  <testcase name="verifyNewNoteCreateWithBlankFields" time="27.660" classname="testclasses.EmpNewNotePageTest"/>
  <testcase name="verifyNewNoteCreate" time="483.591" classname="testclasses.EmpNewNotePageTest"/>
</testsuite> <!-- testclasses.EmpNewNotePageTest -->
