<?xml version="1.0" encoding="UTF-8"?>
<!-- Generated by org.testng.reporters.JUnitReportReporter -->
<testsuite hostname="Mallis-Mac-mini.local" name="testclasses.EmployeeDashBoardPageTest" tests="1" failures="0" timestamp="6 Apr 2017 22:06:11 GMT" time="107.556" errors="0">
  <testcase name="verifyEmployeeDashBoard" time="107.556" classname="testclasses.EmployeeDashBoardPageTest"/>
</testsuite> <!-- testclasses.EmployeeDashBoardPageTest -->
