<?xml version="1.0" encoding="UTF-8"?>
<!-- Generated by org.testng.reporters.JUnitReportReporter -->
<testsuite hostname="Mallis-Mac-mini.local" name="testclasses.EmpLoginPageTest" tests="6" failures="0" timestamp="23 May 2017 21:28:54 GMT" time="398.386" errors="0">
  <testcase name="empLoginVerifyWithBlankEmailUserNameValidPassword" time="63.723" classname="testclasses.EmpLoginPageTest"/>
  <testcase name="empLoginVerifyWithValidData" time="57.731" classname="testclasses.EmpLoginPageTest"/>
  <testcase name="empLoginVerifyWithInValidHotelIdUserNamePassword" time="63.143" classname="testclasses.EmpLoginPageTest"/>
  <testcase name="empLoginVerifyWithValidHotelIdUserNameInValidPassword" time="78.128" classname="testclasses.EmpLoginPageTest"/>
  <testcase name="empLoginVerifyWithValidHotelIdPasswordInvalidUserName" time="73.353" classname="testclasses.EmpLoginPageTest"/>
  <testcase name="empLoginVerifyWithBlankData" time="62.308" classname="testclasses.EmpLoginPageTest"/>
</testsuite> <!-- testclasses.EmpLoginPageTest -->
