<?xml version="1.0" encoding="UTF-8"?>
<!-- Generated by org.testng.reporters.JUnitReportReporter -->
<testsuite hostname="Mallis-Mac-mini.local" name="testclasses.WebAdminLoginTest" tests="7" failures="0" timestamp="20 Jun 2017 17:33:59 GMT" time="13.127" errors="0">
  <testcase name="invalidEmailAndPassword" time="1.396" classname="testclasses.WebAdminLoginTest"/>
  <testcase name="validEmailAndBlankPassword" time="0.915" classname="testclasses.WebAdminLoginTest"/>
  <testcase name="validEmailAndPassword" time="5.356" classname="testclasses.WebAdminLoginTest"/>
  <testcase name="validEmailAndInValidPassword" time="2.032" classname="testclasses.WebAdminLoginTest"/>
  <testcase name="blankEmailAndValidPassword" time="0.817" classname="testclasses.WebAdminLoginTest"/>
  <testcase name="verifyIForgotMyPasswordLink" time="0.558" classname="testclasses.WebAdminLoginTest"/>
  <testcase name="blankEmailAndPassword" time="2.053" classname="testclasses.WebAdminLoginTest"/>
</testsuite> <!-- testclasses.WebAdminLoginTest -->
