<?xml version="1.0" encoding="UTF-8"?>
<!-- Generated by org.testng.reporters.JUnitReportReporter -->
<testsuite hostname="Mallis-Mac-mini.local" name="testclasses.AdminNewNotePageTest" tests="2" failures="0" timestamp="23 May 2017 23:04:09 GMT" time="395.826" errors="0">
  <testcase name="verifyNewNoteCreate" time="346.191" classname="testclasses.AdminNewNotePageTest"/>
  <testcase name="verifyNewNoteCreateWithBlankFields" time="49.635" classname="testclasses.AdminNewNotePageTest"/>
</testsuite> <!-- testclasses.AdminNewNotePageTest -->
