<?xml version="1.0" encoding="UTF-8"?>
<!-- Generated by org.testng.reporters.JUnitReportReporter -->
<testsuite hostname="Sahils-MacBook-Pro.local" name="tekion.NewCustomerCheckin" tests="1" failures="0" timestamp="8 Nov 2017 11:28:18 GMT" time="113.195" errors="0">
  <testcase name="startcheckin" time="113.195" classname="tekion.NewCustomerCheckin"/>
</testsuite> <!-- tekion.NewCustomerCheckin -->
