<?xml version="1.0" encoding="UTF-8"?>
<!-- Generated by org.testng.reporters.JUnitReportReporter -->
<testsuite hostname="Mallis-Mac-mini.local" name="testclasses.EmpDashBoardPageTest" tests="4" failures="0" timestamp="23 May 2017 23:21:58 GMT" time="21.906" errors="0">
  <testcase name="verifyEmployeeDashBoard_ToDoPage" time="4.070" classname="testclasses.EmpDashBoardPageTest"/>
  <testcase name="verifyEmployeeDashBoard_ADDPage" time="6.084" classname="testclasses.EmpDashBoardPageTest"/>
  <testcase name="verifyEmployeeDashBoard_SettingsPage" time="4.838" classname="testclasses.EmpDashBoardPageTest"/>
  <testcase name="verifyEmployeeDashBoard_BoardsPage" time="6.914" classname="testclasses.EmpDashBoardPageTest"/>
</testsuite> <!-- testclasses.EmpDashBoardPageTest -->
