<?xml version="1.0" encoding="UTF-8"?>
<!-- Generated by org.testng.reporters.JUnitReportReporter -->
<testsuite hostname="Mallis-Mac-mini.local" name="testclasses.AndroidAdminLoginScreenTest" tests="7" failures="0" timestamp="2 Jun 2017 22:05:29 GMT" time="175.616" errors="0">
  <testcase name="verifyLinks" time="5.985" classname="testclasses.AndroidAdminLoginScreenTest"/>
  <testcase name="blankEmailAndValidPassword" time="27.509" classname="testclasses.AndroidAdminLoginScreenTest"/>
  <testcase name="blankEmailAndPassword" time="31.038" classname="testclasses.AndroidAdminLoginScreenTest"/>
  <testcase name="validEmailAndInValidPassword" time="29.194" classname="testclasses.AndroidAdminLoginScreenTest"/>
  <testcase name="validEmailAndBlankPassword" time="26.583" classname="testclasses.AndroidAdminLoginScreenTest"/>
  <testcase name="invalidEmailAndPassword" time="28.187" classname="testclasses.AndroidAdminLoginScreenTest"/>
  <testcase name="validEmailAndPassword" time="27.120" classname="testclasses.AndroidAdminLoginScreenTest"/>
</testsuite> <!-- testclasses.AndroidAdminLoginScreenTest -->
