<?xml version="1.0" encoding="UTF-8"?>
<!-- Generated by org.testng.reporters.JUnitReportReporter -->
<testsuite hostname="Mallis-Mac-mini.local" name="testclasses.EmpToDoPageTest" tests="4" failures="0" timestamp="1 Jun 2017 21:00:53 GMT" time="0.014" errors="0">
  <testcase name="createNewTask" time="0.002" classname="testclasses.EmpToDoPageTest"/>
  <testcase name="createNewTaskWithBlankData" time="0.003" classname="testclasses.EmpToDoPageTest"/>
  <testcase name="empLogin" time="0.008" classname="testclasses.EmpToDoPageTest"/>
  <testcase name="verifyToDo" time="0.001" classname="testclasses.EmpToDoPageTest"/>
</testsuite> <!-- testclasses.EmpToDoPageTest -->
