<?xml version="1.0" encoding="UTF-8"?>
<!-- Generated by org.testng.reporters.JUnitReportReporter -->
<testsuite hostname="Sahils-MacBook-Pro.local" name="tekion.DataParameterization" tests="3" failures="0" timestamp="20 Nov 2017 09:36:04 GMT" time="38.681" errors="0">
  <testcase name="passdata" time="13.641" classname="tekion.DataParameterization"/>
  <testcase name="passdata" time="12.444" classname="tekion.DataParameterization"/>
  <testcase name="passdata" time="12.596" classname="tekion.DataParameterization"/>
</testsuite> <!-- tekion.DataParameterization -->
