<?xml version="1.0" encoding="UTF-8"?>
<!-- Generated by org.testng.reporters.JUnitReportReporter -->
<testsuite hostname="Mallis-Mac-mini.local" name="testclasses.AdminNewTaskPageTest" tests="2" failures="0" timestamp="23 May 2017 23:18:52 GMT" time="532.667" errors="0">
  <testcase name="newTaskCreateWithValidData" time="61.550" classname="testclasses.AdminNewTaskPageTest"/>
  <testcase name="newTaskCreatewithInvalidData" time="471.117" classname="testclasses.AdminNewTaskPageTest"/>
</testsuite> <!-- testclasses.AdminNewTaskPageTest -->
