<?xml version="1.0" encoding="UTF-8"?>
<!-- Generated by org.testng.reporters.JUnitReportReporter -->
<testsuite hostname="Mallis-Mac-mini.local" name="testclasses.IosAdminNewTaskPageTest" tests="2" failures="0" timestamp="15 Jun 2017 22:59:39 GMT" time="898.589" errors="0">
  <testcase name="newTaskCreateWithValidData" time="135.899" classname="testclasses.IosAdminNewTaskPageTest"/>
  <testcase name="newTaskCreatewithInvalidData" time="762.690" classname="testclasses.IosAdminNewTaskPageTest"/>
</testsuite> <!-- testclasses.IosAdminNewTaskPageTest -->
