<?xml version="1.0" encoding="UTF-8"?>
<!-- Generated by org.testng.reporters.JUnitReportReporter -->
<testsuite hostname="Mallis-Mac-mini.local" name="testclasses.WebAdminNavigationsTest" tests="4" failures="0" timestamp="20 Jun 2017 17:33:59 GMT" time="914.053" errors="0">
  <testcase name="verifyMenuListsNavigations" time="15.708" classname="testclasses.WebAdminNavigationsTest"/>
  <testcase name="preventivemaintainancefunctionality" time="372.432" classname="testclasses.WebAdminNavigationsTest"/>
  <testcase name="verifyChecklistFunctionality" time="513.997" classname="testclasses.WebAdminNavigationsTest"/>
  <testcase name="verifyInspectionsFunctionality" time="11.916" classname="testclasses.WebAdminNavigationsTest"/>
</testsuite> <!-- testclasses.WebAdminNavigationsTest -->
