<?xml version="1.0" encoding="UTF-8"?>
<!-- Generated by org.testng.reporters.JUnitReportReporter -->
<testsuite hostname="Mallis-Mac-mini.local" name="com.hotelTap.TestClasses.EmpLoginPageTest" tests="1" failures="0" timestamp="31 Mar 2017 20:00:05 GMT" time="48.819" errors="0">
  <testcase name="adminLoginVerifyWithBlankData" time="48.819" classname="com.hotelTap.TestClasses.EmpLoginPageTest"/>
</testsuite> <!-- com.hotelTap.TestClasses.EmpLoginPageTest -->
