<?xml version="1.0" encoding="UTF-8"?>
<!-- Generated by org.testng.reporters.JUnitReportReporter -->
<testsuite hostname="Sahils-MacBook-Pro.local" name="tekion.DamageInspection" tests="4" failures="0" timestamp="21 Nov 2017 08:18:24 GMT" time="366.976" errors="0">
  <testcase name="checkdamage" time="24.807" classname="tekion.DamageInspection"/>
  <testcase name="checkdamage" time="40.337" classname="tekion.DamageInspection"/>
  <testcase name="checkdamage" time="24.398" classname="tekion.DamageInspection"/>
  <testcase name="startcheckin" time="277.434" classname="tekion.DamageInspection"/>
</testsuite> <!-- tekion.DamageInspection -->
