<?xml version="1.0" encoding="UTF-8"?>
<!-- Generated by org.testng.reporters.JUnitReportReporter -->
<testsuite hostname="Mallis-Mac-mini.local" name="testclasses.AndroidAdminDashboardScreenTest" tests="4" failures="0" timestamp="2 Jun 2017 22:05:29 GMT" time="25.447" errors="0">
  <testcase name="clkAddBtn" time="5.203" classname="testclasses.AndroidAdminDashboardScreenTest"/>
  <testcase name="clkToDoBtn" time="9.115" classname="testclasses.AndroidAdminDashboardScreenTest"/>
  <testcase name="clkBoardsBtn" time="5.225" classname="testclasses.AndroidAdminDashboardScreenTest"/>
  <testcase name="clkSettingsBtn" time="5.904" classname="testclasses.AndroidAdminDashboardScreenTest"/>
</testsuite> <!-- testclasses.AndroidAdminDashboardScreenTest -->
