<?xml version="1.0" encoding="UTF-8"?>
<!-- Generated by org.testng.reporters.JUnitReportReporter -->
<testsuite hostname="Mallis-Mac-mini.local" name="testclasses.EmpSettingsPageTest" tests="4" failures="0" timestamp="24 May 2017 00:30:29 GMT" time="347.363" errors="0">
  <testcase name="empSettings_NotificationsScreen" time="15.228" classname="testclasses.EmpSettingsPageTest"/>
  <testcase name="empSettings_AccountScreen" time="129.360" classname="testclasses.EmpSettingsPageTest"/>
  <testcase name="empSettings_ProfileScreen" time="164.898" classname="testclasses.EmpSettingsPageTest"/>
  <testcase name="empSettings_ChangeHotelScreen" time="37.877" classname="testclasses.EmpSettingsPageTest"/>
</testsuite> <!-- testclasses.EmpSettingsPageTest -->
