<?xml version="1.0" encoding="UTF-8"?>
<!-- Generated by org.testng.reporters.JUnitReportReporter -->
<testsuite hostname="Mallis-Mac-mini.local" name="testclasses.AdminToDoPageTest" tests="2" failures="0" timestamp="23 May 2017 23:31:02 GMT" time="164.756" errors="0">
  <testcase name="adminLogin" time="33.109" classname="testclasses.AdminToDoPageTest"/>
  <testcase name="verifyToDo" time="131.647" classname="testclasses.AdminToDoPageTest"/>
</testsuite> <!-- testclasses.AdminToDoPageTest -->
