<?xml version="1.0" encoding="UTF-8"?>
<!-- Generated by org.testng.reporters.JUnitReportReporter -->
<testsuite hostname="Mallis-Mac-mini.local" name="testclasses.SettingsPageTest" tests="2" failures="0" timestamp="1 Apr 2017 18:55:25 GMT" time="272.824" errors="0">
  <testcase name="adminLoginVerifyWithBlankData" time="272.822" classname="testclasses.SettingsPageTest"/>
  <testcase name="verifySettings" time="0.002" classname="testclasses.SettingsPageTest"/>
</testsuite> <!-- testclasses.SettingsPageTest -->
