<?xml version="1.0" encoding="UTF-8"?>
<!-- Generated by org.testng.reporters.JUnitReportReporter -->
<testsuite hostname="Mallis-Mac-mini.local" name="testclasses.NewNotePageTest" tests="1" failures="0" timestamp="25 Apr 2017 20:52:33 GMT" time="94.249" errors="0">
  <testcase name="verifyNewNoteCreateWithBlankFields" time="94.249" classname="testclasses.NewNotePageTest"/>
</testsuite> <!-- testclasses.NewNotePageTest -->
